#-----------------------------------------------------------
# Vivado v2018.1 (64-bit)
# SW Build 2188600 on Wed Apr  4 18:40:38 MDT 2018
# IP Build 2185939 on Wed Apr  4 20:55:05 MDT 2018
# Start of session at: Fri Jul  2 17:55:11 2021
# Process ID: 17360
# Current directory: C:/Users/admin/Desktop/model_com
# Command line: vivado.exe -gui_launcher_event rodinguilauncherevent17172 C:\Users\admin\Desktop\model_com\model_com.xpr
# Log file: C:/Users/admin/Desktop/model_com/vivado.log
# Journal file: C:/Users/admin/Desktop/model_com\vivado.jou
#-----------------------------------------------------------
start_gui
open_project C:/Users/admin/Desktop/model_com/model_com.xpr
Scanning sources...
Finished scanning sources
INFO: [IP_Flow 19-234] Refreshing IP repositories
INFO: [IP_Flow 19-1704] No user IP repositories specified
INFO: [IP_Flow 19-2313] Loaded Vivado IP repository 'D:/Vivado2018/Vivado/2018.1/data/ip'.
open_project: Time (s): cpu = 00:00:10 ; elapsed = 00:00:05 . Memory (MB): peak = 865.297 ; gain = 121.500
update_compile_order -fileset sources_1
exit
INFO: [Common 17-206] Exiting Vivado at Fri Jul  2 18:08:14 2021...
